# JRE version: Java(TM) SE Runtime Environment (8.0-b132) (build 1.8.0-b132)
# Java VM: Java HotSpot(TM) 64-Bit Server VM (25.0-b70 mixed mode bsd-amd64 compressed oops)
Heap:
 PSYoungGen      total 14336K, used 2675K [0x000000076ab00000, 0x000000076bc80000, 0x00000007c0000000)
  eden space 11776K, 2% used [0x000000076ab00000,0x000000076ab54cf0,0x000000076b680000)
  from space 2560K, 91% used [0x000000076b700000,0x000000076b948010,0x000000076b980000)
  to   space 3072K, 0% used [0x000000076b980000,0x000000076b980000,0x000000076bc80000)
 ParOldGen       total 260608K, used 6583K [0x00000006c0000000, 0x00000006cfe80000, 0x000000076ab00000)
  object space 260608K, 2% used [0x00000006c0000000,0x00000006c066dc10,0x00000006cfe80000)
 Metaspace       used 14396K, capacity 14554K, committed 14720K, reserved 1062912K
  class space    used 2112K, capacity 2165K, committed 2176K, reserved 1048576K
GC Heap History (10 events):
Event: 0.556 GC heap before
{Heap before GC invocations=7 (full 0):
 PSYoungGen      total 5632K, used 4896K [0x000000076ab00000, 0x000000076b200000, 0x00000007c0000000)
  eden space 4096K, 100% used [0x000000076ab00000,0x000000076af00000,0x000000076af00000)
  from space 1536K, 52% used [0x000000076b080000,0x000000076b148040,0x000000076b200000)
  to   space 1536K, 0% used [0x000000076af00000,0x000000076af00000,0x000000076b080000)
 ParOldGen       total 260608K, used 976K [0x00000006c0000000, 0x00000006cfe80000, 0x000000076ab00000)
  object space 260608K, 0% used [0x00000006c0000000,0x00000006c00f4010,0x00000006cfe80000)
 Metaspace       used 7602K, capacity 8100K, committed 8192K, reserved 1056768K
  class space    used 937K, capacity 980K, committed 1024K, reserved 1048576K
Event: 0.558 GC heap after
Heap after GC invocations=7 (full 0):
 PSYoungGen      total 5632K, used 1504K [0x000000076ab00000, 0x000000076b600000, 0x00000007c0000000)
  eden space 4096K, 0% used [0x000000076ab00000,0x000000076ab00000,0x000000076af00000)
  from space 1536K, 97% used [0x000000076af00000,0x000000076b078030,0x000000076b080000)
  to   space 1536K, 0% used [0x000000076b480000,0x000000076b480000,0x000000076b600000)
 ParOldGen       total 260608K, used 1200K [0x00000006c0000000, 0x00000006cfe80000, 0x000000076ab00000)
  object space 260608K, 0% used [0x00000006c0000000,0x00000006c012c060,0x00000006cfe80000)
 Metaspace       used 7602K, capacity 8100K, committed 8192K, reserved 1056768K
  class space    used 937K, capacity 980K, committed 1024K, reserved 1048576K
}
Event: 0.638 GC heap before
{Heap before GC invocations=8 (full 0):
 PSYoungGen      total 5632K, used 5600K [0x000000076ab00000, 0x000000076b600000, 0x00000007c0000000)
  eden space 4096K, 100% used [0x000000076ab00000,0x000000076af00000,0x000000076af00000)
  from space 1536K, 97% used [0x000000076af00000,0x000000076b078030,0x000000076b080000)
  to   space 1536K, 0% used [0x000000076b480000,0x000000076b480000,0x000000076b600000)
 ParOldGen       total 260608K, used 1200K [0x00000006c0000000, 0x00000006cfe80000, 0x000000076ab00000)
  object space 260608K, 0% used [0x00000006c0000000,0x00000006c012c060,0x00000006cfe80000)
 Metaspace       used 9099K, capacity 9210K, committed 9472K, reserved 1056768K
  class space    used 1222K, capacity 1237K, committed 1280K, reserved 1048576K
Event: 0.640 GC heap after
Heap after GC invocations=8 (full 0):
 PSYoungGen      total 9216K, used 1504K [0x000000076ab00000, 0x000000076b700000, 0x00000007c0000000)
  eden space 7680K, 0% used [0x000000076ab00000,0x000000076ab00000,0x000000076b280000)
  from space 1536K, 97% used [0x000000076b480000,0x000000076b5f8010,0x000000076b600000)
  to   space 2048K, 0% used [0x000000076b280000,0x000000076b280000,0x000000076b480000)
 ParOldGen       total 260608K, used 1520K [0x00000006c0000000, 0x00000006cfe80000, 0x000000076ab00000)
  object space 260608K, 0% used [0x00000006c0000000,0x00000006c017c070,0x00000006cfe80000)
 Metaspace       used 9099K, capacity 9210K, committed 9472K, reserved 1056768K
  class space    used 1222K, capacity 1237K, committed 1280K, reserved 1048576K
}
Event: 1.069 GC heap before
{Heap before GC invocations=9 (full 0):
 PSYoungGen      total 9216K, used 9184K [0x000000076ab00000, 0x000000076b700000, 0x00000007c0000000)
  eden space 7680K, 100% used [0x000000076ab00000,0x000000076b280000,0x000000076b280000)
  from space 1536K, 97% used [0x000000076b480000,0x000000076b5f8010,0x000000076b600000)
  to   space 2048K, 0% used [0x000000076b280000,0x000000076b280000,0x000000076b480000)
 ParOldGen       total 260608K, used 1520K [0x00000006c0000000, 0x00000006cfe80000, 0x000000076ab00000)
  object space 260608K, 0% used [0x00000006c0000000,0x00000006c017c070,0x00000006cfe80000)
 Metaspace       used 11897K, capacity 11994K, committed 12032K, reserved 1058816K
  class space    used 1739K, capacity 1781K, committed 1792K, reserved 1048576K
Event: 1.071 GC heap after
Heap after GC invocations=9 (full 0):
 PSYoungGen      total 9728K, used 2048K [0x000000076ab00000, 0x000000076bc00000, 0x00000007c0000000)
  eden space 7680K, 0% used [0x000000076ab00000,0x000000076ab00000,0x000000076b280000)
  from space 2048K, 100% used [0x000000076b280000,0x000000076b480000,0x000000076b480000)
  to   space 2560K, 0% used [0x000000076b980000,0x000000076b980000,0x000000076bc00000)
 ParOldGen       total 260608K, used 2040K [0x00000006c0000000, 0x00000006cfe80000, 0x000000076ab00000)
  object space 260608K, 0% used [0x00000006c0000000,0x00000006c01fe090,0x00000006cfe80000)
 Metaspace       used 11897K, capacity 11994K, committed 12032K, reserved 1058816K
  class space    used 1739K, capacity 1781K, committed 1792K, reserved 1048576K
}
Event: 3.573 GC heap before
{Heap before GC invocations=10 (full 0):
 PSYoungGen      total 9728K, used 8986K [0x000000076ab00000, 0x000000076bc00000, 0x00000007c0000000)
  eden space 7680K, 90% used [0x000000076ab00000,0x000000076b1c6b60,0x000000076b280000)
  from space 2048K, 100% used [0x000000076b280000,0x000000076b480000,0x000000076b480000)
  to   space 2560K, 0% used [0x000000076b980000,0x000000076b980000,0x000000076bc00000)
 ParOldGen       total 260608K, used 2040K [0x00000006c0000000, 0x00000006cfe80000, 0x000000076ab00000)
  object space 260608K, 0% used [0x00000006c0000000,0x00000006c01fe090,0x00000006cfe80000)
 Metaspace       used 13840K, capacity 13946K, committed 14208K, reserved 1060864K
  class space    used 2100K, capacity 2133K, committed 2176K, reserved 1048576K
Event: 3.576 GC heap after
Heap after GC invocations=10 (full 0):
 PSYoungGen      total 14848K, used 1570K [0x000000076ab00000, 0x000000076bc00000, 0x00000007c0000000)
  eden space 12288K, 0% used [0x000000076ab00000,0x000000076ab00000,0x000000076b700000)
  from space 2560K, 61% used [0x000000076b980000,0x000000076bb08a90,0x000000076bc00000)
  to   space 2560K, 0% used [0x000000076b700000,0x000000076b700000,0x000000076b980000)
 ParOldGen       total 260608K, used 3184K [0x00000006c0000000, 0x00000006cfe80000, 0x000000076ab00000)
  object space 260608K, 1% used [0x00000006c0000000,0x00000006c031c090,0x00000006cfe80000)
 Metaspace       used 13840K, capacity 13946K, committed 14208K, reserved 1060864K
  class space    used 2100K, capacity 2133K, committed 2176K, reserved 1048576K
}
Event: 813.286 GC heap before
{Heap before GC invocations=11 (full 0):
 PSYoungGen      total 14848K, used 13858K [0x000000076ab00000, 0x000000076bc00000, 0x00000007c0000000)
  eden space 12288K, 100% used [0x000000076ab00000,0x000000076b700000,0x000000076b700000)
  from space 2560K, 61% used [0x000000076b980000,0x000000076bb08a90,0x000000076bc00000)
  to   space 2560K, 0% used [0x000000076b700000,0x000000076b700000,0x000000076b980000)
 ParOldGen       total 260608K, used 3184K [0x00000006c0000000, 0x00000006cfe80000, 0x000000076ab00000)
  object space 260608K, 1% used [0x00000006c0000000,0x00000006c031c090,0x00000006cfe80000)
 Metaspace       used 14382K, capacity 14554K, committed 14720K, reserved 1062912K
  class space    used 2109K, capacity 2165K, committed 2176K, reserved 1048576K
Event: 813.291 GC heap after
Heap after GC invocations=11 (full 0):
 PSYoungGen      total 14336K, used 2336K [0x000000076ab00000, 0x000000076bc80000, 0x00000007c0000000)
  eden space 11776K, 0% used [0x000000076ab00000,0x000000076ab00000,0x000000076b680000)
  from space 2560K, 91% used [0x000000076b700000,0x000000076b948010,0x000000076b980000)
  to   space 3072K, 0% used [0x000000076b980000,0x000000076b980000,0x000000076bc80000)
 ParOldGen       total 260608K, used 6583K [0x00000006c0000000, 0x00000006cfe80000, 0x000000076ab00000)
  object space 260608K, 2% used [0x00000006c0000000,0x00000006c066dc10,0x00000006cfe80000)
 Metaspace       used 14382K, capacity 14554K, committed 14720K, reserved 1062912K
  class space    used 2109K, capacity 2165K, committed 2176K, reserved 1048576K
}

