# JRE version: Java(TM) SE Runtime Environment (8.0-b132) (build 1.8.0-b132)
# Java VM: Java HotSpot(TM) 64-Bit Server VM (25.0-b70 mixed mode bsd-amd64 compressed oops)
Heap:
 PSYoungGen      total 13312K, used 5953K [0x000000076ab00000, 0x000000076ba80000, 0x00000007c0000000)
  eden space 10752K, 39% used [0x000000076ab00000,0x000000076af1afd0,0x000000076b580000)
  from space 2560K, 68% used [0x000000076b800000,0x000000076b9b5510,0x000000076ba80000)
  to   space 2560K, 0% used [0x000000076b580000,0x000000076b580000,0x000000076b800000)
 ParOldGen       total 260608K, used 3190K [0x00000006c0000000, 0x00000006cfe80000, 0x000000076ab00000)
  object space 260608K, 1% used [0x00000006c0000000,0x00000006c031d9e8,0x00000006cfe80000)
 Metaspace       used 14858K, capacity 15050K, committed 15360K, reserved 1062912K
  class space    used 2231K, capacity 2265K, committed 2304K, reserved 1048576K
GC Heap History (10 events):
Event: 4.337 GC heap before
{Heap before GC invocations=6 (full 0):
 PSYoungGen      total 2560K, used 2544K [0x000000076ab00000, 0x000000076b100000, 0x00000007c0000000)
  eden space 2048K, 100% used [0x000000076ab00000,0x000000076ad00000,0x000000076ad00000)
  from space 512K, 96% used [0x000000076ad00000,0x000000076ad7c030,0x000000076ad80000)
  to   space 1024K, 0% used [0x000000076b000000,0x000000076b000000,0x000000076b100000)
 ParOldGen       total 260608K, used 630K [0x00000006c0000000, 0x00000006cfe80000, 0x000000076ab00000)
  object space 260608K, 0% used [0x00000006c0000000,0x00000006c009d938,0x00000006cfe80000)
 Metaspace       used 6368K, capacity 6830K, committed 7040K, reserved 1056768K
  class space    used 768K, capacity 790K, committed 896K, reserved 1048576K
Event: 4.339 GC heap after
Heap after GC invocations=6 (full 0):
 PSYoungGen      total 4608K, used 1008K [0x000000076ab00000, 0x000000076b200000, 0x00000007c0000000)
  eden space 3584K, 0% used [0x000000076ab00000,0x000000076ab00000,0x000000076ae80000)
  from space 1024K, 98% used [0x000000076b000000,0x000000076b0fc030,0x000000076b100000)
  to   space 1536K, 0% used [0x000000076ae80000,0x000000076ae80000,0x000000076b000000)
 ParOldGen       total 260608K, used 726K [0x00000006c0000000, 0x00000006cfe80000, 0x000000076ab00000)
  object space 260608K, 0% used [0x00000006c0000000,0x00000006c00b5958,0x00000006cfe80000)
 Metaspace       used 6368K, capacity 6830K, committed 7040K, reserved 1056768K
  class space    used 768K, capacity 790K, committed 896K, reserved 1048576K
}
Event: 4.407 GC heap before
{Heap before GC invocations=7 (full 0):
 PSYoungGen      total 4608K, used 4592K [0x000000076ab00000, 0x000000076b200000, 0x00000007c0000000)
  eden space 3584K, 100% used [0x000000076ab00000,0x000000076ae80000,0x000000076ae80000)
  from space 1024K, 98% used [0x000000076b000000,0x000000076b0fc030,0x000000076b100000)
  to   space 1536K, 0% used [0x000000076ae80000,0x000000076ae80000,0x000000076b000000)
 ParOldGen       total 260608K, used 726K [0x00000006c0000000, 0x00000006cfe80000, 0x000000076ab00000)
  object space 260608K, 0% used [0x00000006c0000000,0x00000006c00b5958,0x00000006cfe80000)
 Metaspace       used 8253K, capacity 8388K, committed 8576K, reserved 1056768K
  class space    used 1022K, capacity 1048K, committed 1152K, reserved 1048576K
Event: 4.409 GC heap after
Heap after GC invocations=7 (full 0):
 PSYoungGen      total 5120K, used 1488K [0x000000076ab00000, 0x000000076b500000, 0x00000007c0000000)
  eden space 3584K, 0% used [0x000000076ab00000,0x000000076ab00000,0x000000076ae80000)
  from space 1536K, 96% used [0x000000076ae80000,0x000000076aff4060,0x000000076b000000)
  to   space 1536K, 0% used [0x000000076b380000,0x000000076b380000,0x000000076b500000)
 ParOldGen       total 260608K, used 918K [0x00000006c0000000, 0x00000006cfe80000, 0x000000076ab00000)
  object space 260608K, 0% used [0x00000006c0000000,0x00000006c00e5988,0x00000006cfe80000)
 Metaspace       used 8253K, capacity 8388K, committed 8576K, reserved 1056768K
  class space    used 1022K, capacity 1048K, committed 1152K, reserved 1048576K
}
Event: 4.479 GC heap before
{Heap before GC invocations=8 (full 0):
 PSYoungGen      total 5120K, used 5072K [0x000000076ab00000, 0x000000076b500000, 0x00000007c0000000)
  eden space 3584K, 100% used [0x000000076ab00000,0x000000076ae80000,0x000000076ae80000)
  from space 1536K, 96% used [0x000000076ae80000,0x000000076aff4060,0x000000076b000000)
  to   space 1536K, 0% used [0x000000076b380000,0x000000076b380000,0x000000076b500000)
 ParOldGen       total 260608K, used 918K [0x00000006c0000000, 0x00000006cfe80000, 0x000000076ab00000)
  object space 260608K, 0% used [0x00000006c0000000,0x00000006c00e5988,0x00000006cfe80000)
 Metaspace       used 9453K, capacity 9606K, committed 9728K, reserved 1058816K
  class space    used 1217K, capacity 1241K, committed 1280K, reserved 1048576K
Event: 4.483 GC heap after
Heap after GC invocations=8 (full 0):
 PSYoungGen      total 8192K, used 1520K [0x000000076ab00000, 0x000000076b600000, 0x00000007c0000000)
  eden space 6656K, 0% used [0x000000076ab00000,0x000000076ab00000,0x000000076b180000)
  from space 1536K, 98% used [0x000000076b380000,0x000000076b4fc030,0x000000076b500000)
  to   space 2048K, 0% used [0x000000076b180000,0x000000076b180000,0x000000076b380000)
 ParOldGen       total 260608K, used 1662K [0x00000006c0000000, 0x00000006cfe80000, 0x000000076ab00000)
  object space 260608K, 0% used [0x00000006c0000000,0x00000006c019f9b8,0x00000006cfe80000)
 Metaspace       used 9453K, capacity 9606K, committed 9728K, reserved 1058816K
  class space    used 1217K, capacity 1241K, committed 1280K, reserved 1048576K
}
Event: 4.792 GC heap before
{Heap before GC invocations=9 (full 0):
 PSYoungGen      total 8192K, used 8176K [0x000000076ab00000, 0x000000076b600000, 0x00000007c0000000)
  eden space 6656K, 100% used [0x000000076ab00000,0x000000076b180000,0x000000076b180000)
  from space 1536K, 98% used [0x000000076b380000,0x000000076b4fc030,0x000000076b500000)
  to   space 2048K, 0% used [0x000000076b180000,0x000000076b180000,0x000000076b380000)
 ParOldGen       total 260608K, used 1662K [0x00000006c0000000, 0x00000006cfe80000, 0x000000076ab00000)
  object space 260608K, 0% used [0x00000006c0000000,0x00000006c019f9b8,0x00000006cfe80000)
 Metaspace       used 11941K, capacity 12138K, committed 12288K, reserved 1060864K
  class space    used 1681K, capacity 1721K, committed 1792K, reserved 1048576K
Event: 4.796 GC heap after
Heap after GC invocations=9 (full 0):
 PSYoungGen      total 8704K, used 1536K [0x000000076ab00000, 0x000000076ba80000, 0x00000007c0000000)
  eden space 6656K, 0% used [0x000000076ab00000,0x000000076ab00000,0x000000076b180000)
  from space 2048K, 75% used [0x000000076b180000,0x000000076b300000,0x000000076b380000)
  to   space 2560K, 0% used [0x000000076b800000,0x000000076b800000,0x000000076ba80000)
 ParOldGen       total 260608K, used 2334K [0x00000006c0000000, 0x00000006cfe80000, 0x000000076ab00000)
  object space 260608K, 0% used [0x00000006c0000000,0x00000006c02479d8,0x00000006cfe80000)
 Metaspace       used 11941K, capacity 12138K, committed 12288K, reserved 1060864K
  class space    used 1681K, capacity 1721K, committed 1792K, reserved 1048576K
}
Event: 5.161 GC heap before
{Heap before GC invocations=10 (full 0):
 PSYoungGen      total 8704K, used 8192K [0x000000076ab00000, 0x000000076ba80000, 0x00000007c0000000)
  eden space 6656K, 100% used [0x000000076ab00000,0x000000076b180000,0x000000076b180000)
  from space 2048K, 75% used [0x000000076b180000,0x000000076b300000,0x000000076b380000)
  to   space 2560K, 0% used [0x000000076b800000,0x000000076b800000,0x000000076ba80000)
 ParOldGen       total 260608K, used 2334K [0x00000006c0000000, 0x00000006cfe80000, 0x000000076ab00000)
  object space 260608K, 0% used [0x00000006c0000000,0x00000006c02479d8,0x00000006cfe80000)
 Metaspace       used 14193K, capacity 14346K, committed 14592K, reserved 1060864K
  class space    used 2143K, capacity 2201K, committed 2304K, reserved 1048576K
Event: 5.165 GC heap after
Heap after GC invocations=10 (full 0):
 PSYoungGen      total 13312K, used 1749K [0x000000076ab00000, 0x000000076ba80000, 0x00000007c0000000)
  eden space 10752K, 0% used [0x000000076ab00000,0x000000076ab00000,0x000000076b580000)
  from space 2560K, 68% used [0x000000076b800000,0x000000076b9b5510,0x000000076ba80000)
  to   space 2560K, 0% used [0x000000076b580000,0x000000076b580000,0x000000076b800000)
 ParOldGen       total 260608K, used 3190K [0x00000006c0000000, 0x00000006cfe80000, 0x000000076ab00000)
  object space 260608K, 1% used [0x00000006c0000000,0x00000006c031d9e8,0x00000006cfe80000)
 Metaspace       used 14193K, capacity 14346K, committed 14592K, reserved 1060864K
  class space    used 2143K, capacity 2201K, committed 2304K, reserved 1048576K
}

