# JRE version: Java(TM) SE Runtime Environment (8.0-b132) (build 1.8.0-b132)
# Java VM: Java HotSpot(TM) 64-Bit Server VM (25.0-b70 mixed mode bsd-amd64 compressed oops)
Heap:
 PSYoungGen      total 3072K, used 2186K [0x000000076ab00000, 0x000000076b100000, 0x00000007c0000000)
  eden space 2048K, 64% used [0x000000076ab00000,0x000000076ac4ab80,0x000000076ad00000)
  from space 1024K, 84% used [0x000000076ad00000,0x000000076add8020,0x000000076ae00000)
  to   space 1024K, 0% used [0x000000076b000000,0x000000076b000000,0x000000076b100000)
 ParOldGen       total 260608K, used 632K [0x00000006c0000000, 0x00000006cfe80000, 0x000000076ab00000)
  object space 260608K, 0% used [0x00000006c0000000,0x00000006c009e050,0x00000006cfe80000)
 Metaspace       used 6332K, capacity 7006K, committed 7296K, reserved 1056768K
  class space    used 752K, capacity 786K, committed 896K, reserved 1048576K
GC Heap History (10 events):
Event: 0.423 GC heap before
{Heap before GC invocations=3 (full 0):
 PSYoungGen      total 1024K, used 1008K [0x000000076ab00000, 0x000000076ad00000, 0x00000007c0000000)
  eden space 512K, 100% used [0x000000076ab00000,0x000000076ab80000,0x000000076ab80000)
  from space 512K, 96% used [0x000000076ac00000,0x000000076ac7c010,0x000000076ac80000)
  to   space 512K, 0% used [0x000000076ab80000,0x000000076ab80000,0x000000076ac00000)
 ParOldGen       total 260608K, used 64K [0x00000006c0000000, 0x00000006cfe80000, 0x000000076ab00000)
  object space 260608K, 0% used [0x00000006c0000000,0x00000006c0010000,0x00000006cfe80000)
 Metaspace       used 3056K, capacity 4662K, committed 4864K, reserved 1056768K
  class space    used 329K, capacity 426K, committed 512K, reserved 1048576K
Event: 0.424 GC heap after
Heap after GC invocations=3 (full 0):
 PSYoungGen      total 1024K, used 496K [0x000000076ab00000, 0x000000076ad00000, 0x00000007c0000000)
  eden space 512K, 0% used [0x000000076ab00000,0x000000076ab00000,0x000000076ab80000)
  from space 512K, 96% used [0x000000076ab80000,0x000000076abfc010,0x000000076ac00000)
  to   space 512K, 0% used [0x000000076ac80000,0x000000076ac80000,0x000000076ad00000)
 ParOldGen       total 260608K, used 176K [0x00000006c0000000, 0x00000006cfe80000, 0x000000076ab00000)
  object space 260608K, 0% used [0x00000006c0000000,0x00000006c002c000,0x00000006cfe80000)
 Metaspace       used 3056K, capacity 4662K, committed 4864K, reserved 1056768K
  class space    used 329K, capacity 426K, committed 512K, reserved 1048576K
}
Event: 0.451 GC heap before
{Heap before GC invocations=4 (full 0):
 PSYoungGen      total 1024K, used 1008K [0x000000076ab00000, 0x000000076ad00000, 0x00000007c0000000)
  eden space 512K, 100% used [0x000000076ab00000,0x000000076ab80000,0x000000076ab80000)
  from space 512K, 96% used [0x000000076ab80000,0x000000076abfc010,0x000000076ac00000)
  to   space 512K, 0% used [0x000000076ac80000,0x000000076ac80000,0x000000076ad00000)
 ParOldGen       total 260608K, used 176K [0x00000006c0000000, 0x00000006cfe80000, 0x000000076ab00000)
  object space 260608K, 0% used [0x00000006c0000000,0x00000006c002c000,0x00000006cfe80000)
 Metaspace       used 3265K, capacity 4854K, committed 5120K, reserved 1056768K
  class space    used 358K, capacity 426K, committed 512K, reserved 1048576K
Event: 0.452 GC heap after
Heap after GC invocations=4 (full 0):
 PSYoungGen      total 1536K, used 496K [0x000000076ab00000, 0x000000076ad00000, 0x00000007c0000000)
  eden space 1024K, 0% used [0x000000076ab00000,0x000000076ab00000,0x000000076ac00000)
  from space 512K, 96% used [0x000000076ac80000,0x000000076acfc010,0x000000076ad00000)
  to   space 512K, 0% used [0x000000076ac00000,0x000000076ac00000,0x000000076ac80000)
 ParOldGen       total 260608K, used 272K [0x00000006c0000000, 0x00000006cfe80000, 0x000000076ab00000)
  object space 260608K, 0% used [0x00000006c0000000,0x00000006c0044000,0x00000006cfe80000)
 Metaspace       used 3265K, capacity 4854K, committed 5120K, reserved 1056768K
  class space    used 358K, capacity 426K, committed 512K, reserved 1048576K
}
Event: 0.522 GC heap before
{Heap before GC invocations=5 (full 0):
 PSYoungGen      total 1536K, used 1520K [0x000000076ab00000, 0x000000076ad00000, 0x00000007c0000000)
  eden space 1024K, 100% used [0x000000076ab00000,0x000000076ac00000,0x000000076ac00000)
  from space 512K, 96% used [0x000000076ac80000,0x000000076acfc010,0x000000076ad00000)
  to   space 512K, 0% used [0x000000076ac00000,0x000000076ac00000,0x000000076ac80000)
 ParOldGen       total 260608K, used 272K [0x00000006c0000000, 0x00000006cfe80000, 0x000000076ab00000)
  object space 260608K, 0% used [0x00000006c0000000,0x00000006c0044000,0x00000006cfe80000)
 Metaspace       used 3958K, capacity 5302K, committed 5376K, reserved 1056768K
  class space    used 434K, capacity 490K, committed 512K, reserved 1048576K
Event: 0.523 GC heap after
Heap after GC invocations=5 (full 0):
 PSYoungGen      total 1536K, used 496K [0x000000076ab00000, 0x000000076af00000, 0x00000007c0000000)
  eden space 1024K, 0% used [0x000000076ab00000,0x000000076ab00000,0x000000076ac00000)
  from space 512K, 96% used [0x000000076ac00000,0x000000076ac7c010,0x000000076ac80000)
  to   space 1024K, 0% used [0x000000076ae00000,0x000000076ae00000,0x000000076af00000)
 ParOldGen       total 260608K, used 312K [0x00000006c0000000, 0x00000006cfe80000, 0x000000076ab00000)
  object space 260608K, 0% used [0x00000006c0000000,0x00000006c004e000,0x00000006cfe80000)
 Metaspace       used 3958K, capacity 5302K, committed 5376K, reserved 1056768K
  class space    used 434K, capacity 490K, committed 512K, reserved 1048576K
}
Event: 0.663 GC heap before
{Heap before GC invocations=6 (full 0):
 PSYoungGen      total 1536K, used 1503K [0x000000076ab00000, 0x000000076af00000, 0x00000007c0000000)
  eden space 1024K, 98% used [0x000000076ab00000,0x000000076abfbfd0,0x000000076ac00000)
  from space 512K, 96% used [0x000000076ac00000,0x000000076ac7c010,0x000000076ac80000)
  to   space 1024K, 0% used [0x000000076ae00000,0x000000076ae00000,0x000000076af00000)
 ParOldGen       total 260608K, used 312K [0x00000006c0000000, 0x00000006cfe80000, 0x000000076ab00000)
  object space 260608K, 0% used [0x00000006c0000000,0x00000006c004e000,0x00000006cfe80000)
 Metaspace       used 4524K, capacity 5814K, committed 6016K, reserved 1056768K
  class space    used 488K, capacity 554K, committed 640K, reserved 1048576K
Event: 0.665 GC heap after
Heap after GC invocations=6 (full 0):
 PSYoungGen      total 3072K, used 672K [0x000000076ab00000, 0x000000076af00000, 0x00000007c0000000)
  eden space 2048K, 0% used [0x000000076ab00000,0x000000076ab00000,0x000000076ad00000)
  from space 1024K, 65% used [0x000000076ae00000,0x000000076aea8020,0x000000076af00000)
  to   space 1024K, 0% used [0x000000076ad00000,0x000000076ad00000,0x000000076ae00000)
 ParOldGen       total 260608K, used 320K [0x00000006c0000000, 0x00000006cfe80000, 0x000000076ab00000)
  object space 260608K, 0% used [0x00000006c0000000,0x00000006c0050000,0x00000006cfe80000)
 Metaspace       used 4524K, capacity 5814K, committed 6016K, reserved 1056768K
  class space    used 488K, capacity 554K, committed 640K, reserved 1048576K
}
Event: 0.749 GC heap before
{Heap before GC invocations=7 (full 0):
 PSYoungGen      total 3072K, used 2720K [0x000000076ab00000, 0x000000076af00000, 0x00000007c0000000)
  eden space 2048K, 100% used [0x000000076ab00000,0x000000076ad00000,0x000000076ad00000)
  from space 1024K, 65% used [0x000000076ae00000,0x000000076aea8020,0x000000076af00000)
  to   space 1024K, 0% used [0x000000076ad00000,0x000000076ad00000,0x000000076ae00000)
 ParOldGen       total 260608K, used 320K [0x00000006c0000000, 0x00000006cfe80000, 0x000000076ab00000)
  object space 260608K, 0% used [0x00000006c0000000,0x00000006c0050000,0x00000006cfe80000)
 Metaspace       used 5264K, capacity 6550K, committed 6912K, reserved 1056768K
  class space    used 593K, capacity 650K, committed 768K, reserved 1048576K
Event: 0.751 GC heap after
Heap after GC invocations=7 (full 0):
 PSYoungGen      total 3072K, used 864K [0x000000076ab00000, 0x000000076b100000, 0x00000007c0000000)
  eden space 2048K, 0% used [0x000000076ab00000,0x000000076ab00000,0x000000076ad00000)
  from space 1024K, 84% used [0x000000076ad00000,0x000000076add8020,0x000000076ae00000)
  to   space 1024K, 0% used [0x000000076b000000,0x000000076b000000,0x000000076b100000)
 ParOldGen       total 260608K, used 632K [0x00000006c0000000, 0x00000006cfe80000, 0x000000076ab00000)
  object space 260608K, 0% used [0x00000006c0000000,0x00000006c009e050,0x00000006cfe80000)
 Metaspace       used 5264K, capacity 6550K, committed 6912K, reserved 1056768K
  class space    used 593K, capacity 650K, committed 768K, reserved 1048576K
}

