# JRE version: Java(TM) SE Runtime Environment (8.0-b132) (build 1.8.0-b132)
# Java VM: Java HotSpot(TM) 64-Bit Server VM (25.0-b70 mixed mode bsd-amd64 compressed oops)
Heap:
 PSYoungGen      total 12288K, used 6351K [0x000000076ab00000, 0x000000076c000000, 0x00000007c0000000)
  eden space 9728K, 41% used [0x000000076ab00000,0x000000076aeebe58,0x000000076b480000)
  from space 2560K, 91% used [0x000000076bd80000,0x000000076bfc8010,0x000000076c000000)
  to   space 3584K, 0% used [0x000000076b900000,0x000000076b900000,0x000000076bc80000)
 ParOldGen       total 260608K, used 7410K [0x00000006c0000000, 0x00000006cfe80000, 0x000000076ab00000)
  object space 260608K, 2% used [0x00000006c0000000,0x00000006c073c858,0x00000006cfe80000)
 Metaspace       used 14475K, capacity 14618K, committed 14720K, reserved 1062912K
  class space    used 2112K, capacity 2165K, committed 2176K, reserved 1048576K
GC Heap History (10 events):
Event: 0.478 GC heap before
{Heap before GC invocations=8 (full 0):
 PSYoungGen      total 5120K, used 4848K [0x000000076ab00000, 0x000000076b500000, 0x00000007c0000000)
  eden space 3584K, 100% used [0x000000076ab00000,0x000000076ae80000,0x000000076ae80000)
  from space 1536K, 82% used [0x000000076ae80000,0x000000076afbc050,0x000000076b000000)
  to   space 1536K, 0% used [0x000000076b380000,0x000000076b380000,0x000000076b500000)
 ParOldGen       total 260608K, used 1232K [0x00000006c0000000, 0x00000006cfe80000, 0x000000076ab00000)
  object space 260608K, 0% used [0x00000006c0000000,0x00000006c0134060,0x00000006cfe80000)
 Metaspace       used 8639K, capacity 8746K, committed 8960K, reserved 1056768K
  class space    used 1129K, capacity 1173K, committed 1280K, reserved 1048576K
Event: 0.480 GC heap after
Heap after GC invocations=8 (full 0):
 PSYoungGen      total 8192K, used 1504K [0x000000076ab00000, 0x000000076b600000, 0x00000007c0000000)
  eden space 6656K, 0% used [0x000000076ab00000,0x000000076ab00000,0x000000076b180000)
  from space 1536K, 97% used [0x000000076b380000,0x000000076b4f8030,0x000000076b500000)
  to   space 2048K, 0% used [0x000000076b180000,0x000000076b180000,0x000000076b380000)
 ParOldGen       total 260608K, used 1504K [0x00000006c0000000, 0x00000006cfe80000, 0x000000076ab00000)
  object space 260608K, 0% used [0x00000006c0000000,0x00000006c0178070,0x00000006cfe80000)
 Metaspace       used 8639K, capacity 8746K, committed 8960K, reserved 1056768K
  class space    used 1129K, capacity 1173K, committed 1280K, reserved 1048576K
}
Event: 0.667 GC heap before
{Heap before GC invocations=9 (full 0):
 PSYoungGen      total 8192K, used 8160K [0x000000076ab00000, 0x000000076b600000, 0x00000007c0000000)
  eden space 6656K, 100% used [0x000000076ab00000,0x000000076b180000,0x000000076b180000)
  from space 1536K, 97% used [0x000000076b380000,0x000000076b4f8030,0x000000076b500000)
  to   space 2048K, 0% used [0x000000076b180000,0x000000076b180000,0x000000076b380000)
 ParOldGen       total 260608K, used 1504K [0x00000006c0000000, 0x00000006cfe80000, 0x000000076ab00000)
  object space 260608K, 0% used [0x00000006c0000000,0x00000006c0178070,0x00000006cfe80000)
 Metaspace       used 11372K, capacity 11450K, committed 11776K, reserved 1058816K
  class space    used 1638K, capacity 1685K, committed 1792K, reserved 1048576K
Event: 0.669 GC heap after
Heap after GC invocations=9 (full 0):
 PSYoungGen      total 8704K, used 1824K [0x000000076ab00000, 0x000000076b980000, 0x00000007c0000000)
  eden space 6656K, 0% used [0x000000076ab00000,0x000000076ab00000,0x000000076b180000)
  from space 2048K, 89% used [0x000000076b180000,0x000000076b348000,0x000000076b380000)
  to   space 2048K, 0% used [0x000000076b780000,0x000000076b780000,0x000000076b980000)
 ParOldGen       total 260608K, used 1752K [0x00000006c0000000, 0x00000006cfe80000, 0x000000076ab00000)
  object space 260608K, 0% used [0x00000006c0000000,0x00000006c01b6090,0x00000006cfe80000)
 Metaspace       used 11372K, capacity 11450K, committed 11776K, reserved 1058816K
  class space    used 1638K, capacity 1685K, committed 1792K, reserved 1048576K
}
Event: 1.028 GC heap before
{Heap before GC invocations=10 (full 0):
 PSYoungGen      total 8704K, used 8467K [0x000000076ab00000, 0x000000076b980000, 0x00000007c0000000)
  eden space 6656K, 99% used [0x000000076ab00000,0x000000076b17ccc0,0x000000076b180000)
  from space 2048K, 89% used [0x000000076b180000,0x000000076b348000,0x000000076b380000)
  to   space 2048K, 0% used [0x000000076b780000,0x000000076b780000,0x000000076b980000)
 ParOldGen       total 260608K, used 1752K [0x00000006c0000000, 0x00000006cfe80000, 0x000000076ab00000)
  object space 260608K, 0% used [0x00000006c0000000,0x00000006c01b6090,0x00000006cfe80000)
 Metaspace       used 13442K, capacity 13594K, committed 13696K, reserved 1060864K
  class space    used 2044K, capacity 2101K, committed 2176K, reserved 1048576K
Event: 1.031 GC heap after
Heap after GC invocations=10 (full 0):
 PSYoungGen      total 11776K, used 2020K [0x000000076ab00000, 0x000000076bb80000, 0x00000007c0000000)
  eden space 9728K, 0% used [0x000000076ab00000,0x000000076ab00000,0x000000076b480000)
  from space 2048K, 98% used [0x000000076b780000,0x000000076b979010,0x000000076b980000)
  to   space 3072K, 0% used [0x000000076b480000,0x000000076b480000,0x000000076b780000)
 ParOldGen       total 260608K, used 3932K [0x00000006c0000000, 0x00000006cfe80000, 0x000000076ab00000)
  object space 260608K, 1% used [0x00000006c0000000,0x00000006c03d70b0,0x00000006cfe80000)
 Metaspace       used 13442K, capacity 13594K, committed 13696K, reserved 1060864K
  class space    used 2044K, capacity 2101K, committed 2176K, reserved 1048576K
}
Event: 4.795 GC heap before
{Heap before GC invocations=11 (full 0):
 PSYoungGen      total 11776K, used 11073K [0x000000076ab00000, 0x000000076bb80000, 0x00000007c0000000)
  eden space 9728K, 93% used [0x000000076ab00000,0x000000076b3d76c8,0x000000076b480000)
  from space 2048K, 98% used [0x000000076b780000,0x000000076b979010,0x000000076b980000)
  to   space 3072K, 0% used [0x000000076b480000,0x000000076b480000,0x000000076b780000)
 ParOldGen       total 260608K, used 3932K [0x00000006c0000000, 0x00000006cfe80000, 0x000000076ab00000)
  object space 260608K, 1% used [0x00000006c0000000,0x00000006c03d70b0,0x00000006cfe80000)
 Metaspace       used 13902K, capacity 14010K, committed 14208K, reserved 1060864K
  class space    used 2097K, capacity 2133K, committed 2176K, reserved 1048576K
Event: 4.798 GC heap after
Heap after GC invocations=11 (full 0):
 PSYoungGen      total 12800K, used 288K [0x000000076ab00000, 0x000000076c080000, 0x00000007c0000000)
  eden space 9728K, 0% used [0x000000076ab00000,0x000000076ab00000,0x000000076b480000)
  from space 3072K, 9% used [0x000000076b480000,0x000000076b4c8000,0x000000076b780000)
  to   space 3072K, 0% used [0x000000076bd80000,0x000000076bd80000,0x000000076c080000)
 ParOldGen       total 260608K, used 5226K [0x00000006c0000000, 0x00000006cfe80000, 0x000000076ab00000)
  object space 260608K, 2% used [0x00000006c0000000,0x00000006c051a848,0x00000006cfe80000)
 Metaspace       used 13902K, capacity 14010K, committed 14208K, reserved 1060864K
  class space    used 2097K, capacity 2133K, committed 2176K, reserved 1048576K
}
Event: 130.847 GC heap before
{Heap before GC invocations=12 (full 0):
 PSYoungGen      total 12800K, used 10016K [0x000000076ab00000, 0x000000076c080000, 0x00000007c0000000)
  eden space 9728K, 100% used [0x000000076ab00000,0x000000076b480000,0x000000076b480000)
  from space 3072K, 9% used [0x000000076b480000,0x000000076b4c8000,0x000000076b780000)
  to   space 3072K, 0% used [0x000000076bd80000,0x000000076bd80000,0x000000076c080000)
 ParOldGen       total 260608K, used 5226K [0x00000006c0000000, 0x00000006cfe80000, 0x000000076ab00000)
  object space 260608K, 2% used [0x00000006c0000000,0x00000006c051a848,0x00000006cfe80000)
 Metaspace       used 14440K, capacity 14586K, committed 14720K, reserved 1062912K
  class space    used 2106K, capacity 2133K, committed 2176K, reserved 1048576K
Event: 130.850 GC heap after
Heap after GC invocations=12 (full 0):
 PSYoungGen      total 12288K, used 2336K [0x000000076ab00000, 0x000000076c000000, 0x00000007c0000000)
  eden space 9728K, 0% used [0x000000076ab00000,0x000000076ab00000,0x000000076b480000)
  from space 2560K, 91% used [0x000000076bd80000,0x000000076bfc8010,0x000000076c000000)
  to   space 3584K, 0% used [0x000000076b900000,0x000000076b900000,0x000000076bc80000)
 ParOldGen       total 260608K, used 7410K [0x00000006c0000000, 0x00000006cfe80000, 0x000000076ab00000)
  object space 260608K, 2% used [0x00000006c0000000,0x00000006c073c858,0x00000006cfe80000)
 Metaspace       used 14440K, capacity 14586K, committed 14720K, reserved 1062912K
  class space    used 2106K, capacity 2133K, committed 2176K, reserved 1048576K
}

