# JRE version: Java(TM) SE Runtime Environment (8.0-b132) (build 1.8.0-b132)
# Java VM: Java HotSpot(TM) 64-Bit Server VM (25.0-b70 mixed mode bsd-amd64 compressed oops)
Heap:
 PSYoungGen      total 13312K, used 6379K [0x000000076ab00000, 0x000000076ba80000, 0x00000007c0000000)
  eden space 10752K, 43% used [0x000000076ab00000,0x000000076af96c00,0x000000076b580000)
  from space 2560K, 65% used [0x000000076b800000,0x000000076b9a4010,0x000000076ba80000)
  to   space 2560K, 0% used [0x000000076b580000,0x000000076b580000,0x000000076b800000)
 ParOldGen       total 260608K, used 3194K [0x00000006c0000000, 0x00000006cfe80000, 0x000000076ab00000)
  object space 260608K, 1% used [0x00000006c0000000,0x00000006c031e9d8,0x00000006cfe80000)
 Metaspace       used 15022K, capacity 15178K, committed 15360K, reserved 1062912K
  class space    used 2247K, capacity 2265K, committed 2304K, reserved 1048576K
GC Heap History (10 events):
Event: 2.673 GC heap before
{Heap before GC invocations=6 (full 0):
 PSYoungGen      total 2560K, used 2528K [0x000000076ab00000, 0x000000076b100000, 0x00000007c0000000)
  eden space 2048K, 100% used [0x000000076ab00000,0x000000076ad00000,0x000000076ad00000)
  from space 512K, 93% used [0x000000076ad00000,0x000000076ad78020,0x000000076ad80000)
  to   space 1024K, 0% used [0x000000076b000000,0x000000076b000000,0x000000076b100000)
 ParOldGen       total 260608K, used 666K [0x00000006c0000000, 0x00000006cfe80000, 0x000000076ab00000)
  object space 260608K, 0% used [0x00000006c0000000,0x00000006c00a6928,0x00000006cfe80000)
 Metaspace       used 6370K, capacity 6830K, committed 7040K, reserved 1056768K
  class space    used 767K, capacity 790K, committed 896K, reserved 1048576K
Event: 2.674 GC heap after
Heap after GC invocations=6 (full 0):
 PSYoungGen      total 4608K, used 1008K [0x000000076ab00000, 0x000000076b200000, 0x00000007c0000000)
  eden space 3584K, 0% used [0x000000076ab00000,0x000000076ab00000,0x000000076ae80000)
  from space 1024K, 98% used [0x000000076b000000,0x000000076b0fc030,0x000000076b100000)
  to   space 1536K, 0% used [0x000000076ae80000,0x000000076ae80000,0x000000076b000000)
 ParOldGen       total 260608K, used 770K [0x00000006c0000000, 0x00000006cfe80000, 0x000000076ab00000)
  object space 260608K, 0% used [0x00000006c0000000,0x00000006c00c0948,0x00000006cfe80000)
 Metaspace       used 6370K, capacity 6830K, committed 7040K, reserved 1056768K
  class space    used 767K, capacity 790K, committed 896K, reserved 1048576K
}
Event: 2.749 GC heap before
{Heap before GC invocations=7 (full 0):
 PSYoungGen      total 4608K, used 4592K [0x000000076ab00000, 0x000000076b200000, 0x00000007c0000000)
  eden space 3584K, 100% used [0x000000076ab00000,0x000000076ae80000,0x000000076ae80000)
  from space 1024K, 98% used [0x000000076b000000,0x000000076b0fc030,0x000000076b100000)
  to   space 1536K, 0% used [0x000000076ae80000,0x000000076ae80000,0x000000076b000000)
 ParOldGen       total 260608K, used 770K [0x00000006c0000000, 0x00000006cfe80000, 0x000000076ab00000)
  object space 260608K, 0% used [0x00000006c0000000,0x00000006c00c0948,0x00000006cfe80000)
 Metaspace       used 8259K, capacity 8388K, committed 8576K, reserved 1056768K
  class space    used 1021K, capacity 1048K, committed 1152K, reserved 1048576K
Event: 2.752 GC heap after
Heap after GC invocations=7 (full 0):
 PSYoungGen      total 5120K, used 1440K [0x000000076ab00000, 0x000000076b500000, 0x00000007c0000000)
  eden space 3584K, 0% used [0x000000076ab00000,0x000000076ab00000,0x000000076ae80000)
  from space 1536K, 93% used [0x000000076ae80000,0x000000076afe8030,0x000000076b000000)
  to   space 1536K, 0% used [0x000000076b380000,0x000000076b380000,0x000000076b500000)
 ParOldGen       total 260608K, used 962K [0x00000006c0000000, 0x00000006cfe80000, 0x000000076ab00000)
  object space 260608K, 0% used [0x00000006c0000000,0x00000006c00f0978,0x00000006cfe80000)
 Metaspace       used 8259K, capacity 8388K, committed 8576K, reserved 1056768K
  class space    used 1021K, capacity 1048K, committed 1152K, reserved 1048576K
}
Event: 2.827 GC heap before
{Heap before GC invocations=8 (full 0):
 PSYoungGen      total 5120K, used 5024K [0x000000076ab00000, 0x000000076b500000, 0x00000007c0000000)
  eden space 3584K, 100% used [0x000000076ab00000,0x000000076ae80000,0x000000076ae80000)
  from space 1536K, 93% used [0x000000076ae80000,0x000000076afe8030,0x000000076b000000)
  to   space 1536K, 0% used [0x000000076b380000,0x000000076b380000,0x000000076b500000)
 ParOldGen       total 260608K, used 962K [0x00000006c0000000, 0x00000006cfe80000, 0x000000076ab00000)
  object space 260608K, 0% used [0x00000006c0000000,0x00000006c00f0978,0x00000006cfe80000)
 Metaspace       used 9450K, capacity 9610K, committed 9728K, reserved 1058816K
  class space    used 1215K, capacity 1241K, committed 1280K, reserved 1048576K
Event: 2.830 GC heap after
Heap after GC invocations=8 (full 0):
 PSYoungGen      total 8192K, used 1504K [0x000000076ab00000, 0x000000076b600000, 0x00000007c0000000)
  eden space 6656K, 0% used [0x000000076ab00000,0x000000076ab00000,0x000000076b180000)
  from space 1536K, 97% used [0x000000076b380000,0x000000076b4f8020,0x000000076b500000)
  to   space 2048K, 0% used [0x000000076b180000,0x000000076b180000,0x000000076b380000)
 ParOldGen       total 260608K, used 1690K [0x00000006c0000000, 0x00000006cfe80000, 0x000000076ab00000)
  object space 260608K, 0% used [0x00000006c0000000,0x00000006c01a69a8,0x00000006cfe80000)
 Metaspace       used 9450K, capacity 9610K, committed 9728K, reserved 1058816K
  class space    used 1215K, capacity 1241K, committed 1280K, reserved 1048576K
}
Event: 3.003 GC heap before
{Heap before GC invocations=9 (full 0):
 PSYoungGen      total 8192K, used 8160K [0x000000076ab00000, 0x000000076b600000, 0x00000007c0000000)
  eden space 6656K, 100% used [0x000000076ab00000,0x000000076b180000,0x000000076b180000)
  from space 1536K, 97% used [0x000000076b380000,0x000000076b4f8020,0x000000076b500000)
  to   space 2048K, 0% used [0x000000076b180000,0x000000076b180000,0x000000076b380000)
 ParOldGen       total 260608K, used 1690K [0x00000006c0000000, 0x00000006cfe80000, 0x000000076ab00000)
  object space 260608K, 0% used [0x00000006c0000000,0x00000006c01a69a8,0x00000006cfe80000)
 Metaspace       used 11939K, capacity 12138K, committed 12288K, reserved 1060864K
  class space    used 1681K, capacity 1721K, committed 1792K, reserved 1048576K
Event: 3.007 GC heap after
Heap after GC invocations=9 (full 0):
 PSYoungGen      total 8704K, used 1536K [0x000000076ab00000, 0x000000076ba80000, 0x00000007c0000000)
  eden space 6656K, 0% used [0x000000076ab00000,0x000000076ab00000,0x000000076b180000)
  from space 2048K, 75% used [0x000000076b180000,0x000000076b300000,0x000000076b380000)
  to   space 2560K, 0% used [0x000000076b800000,0x000000076b800000,0x000000076ba80000)
 ParOldGen       total 260608K, used 2354K [0x00000006c0000000, 0x00000006cfe80000, 0x000000076ab00000)
  object space 260608K, 0% used [0x00000006c0000000,0x00000006c024c9c8,0x00000006cfe80000)
 Metaspace       used 11939K, capacity 12138K, committed 12288K, reserved 1060864K
  class space    used 1681K, capacity 1721K, committed 1792K, reserved 1048576K
}
Event: 3.344 GC heap before
{Heap before GC invocations=10 (full 0):
 PSYoungGen      total 8704K, used 8192K [0x000000076ab00000, 0x000000076ba80000, 0x00000007c0000000)
  eden space 6656K, 100% used [0x000000076ab00000,0x000000076b180000,0x000000076b180000)
  from space 2048K, 75% used [0x000000076b180000,0x000000076b300000,0x000000076b380000)
  to   space 2560K, 0% used [0x000000076b800000,0x000000076b800000,0x000000076ba80000)
 ParOldGen       total 260608K, used 2354K [0x00000006c0000000, 0x00000006cfe80000, 0x000000076ab00000)
  object space 260608K, 0% used [0x00000006c0000000,0x00000006c024c9c8,0x00000006cfe80000)
 Metaspace       used 14203K, capacity 14346K, committed 14592K, reserved 1060864K
  class space    used 2143K, capacity 2201K, committed 2304K, reserved 1048576K
Event: 3.347 GC heap after
Heap after GC invocations=10 (full 0):
 PSYoungGen      total 13312K, used 1680K [0x000000076ab00000, 0x000000076ba80000, 0x00000007c0000000)
  eden space 10752K, 0% used [0x000000076ab00000,0x000000076ab00000,0x000000076b580000)
  from space 2560K, 65% used [0x000000076b800000,0x000000076b9a4010,0x000000076ba80000)
  to   space 2560K, 0% used [0x000000076b580000,0x000000076b580000,0x000000076b800000)
 ParOldGen       total 260608K, used 3194K [0x00000006c0000000, 0x00000006cfe80000, 0x000000076ab00000)
  object space 260608K, 1% used [0x00000006c0000000,0x00000006c031e9d8,0x00000006cfe80000)
 Metaspace       used 14203K, capacity 14346K, committed 14592K, reserved 1060864K
  class space    used 2143K, capacity 2201K, committed 2304K, reserved 1048576K
}

