# JRE version: Java(TM) SE Runtime Environment (8.0-b132) (build 1.8.0-b132)
# Java VM: Java HotSpot(TM) 64-Bit Server VM (25.0-b70 mixed mode bsd-amd64 compressed oops)
Heap:
 PSYoungGen      total 8192K, used 3168K [0x000000076ab00000, 0x000000076b600000, 0x00000007c0000000)
  eden space 6656K, 24% used [0x000000076ab00000,0x000000076ac9c030,0x000000076b180000)
  from space 1536K, 98% used [0x000000076b380000,0x000000076b4fc030,0x000000076b500000)
  to   space 2048K, 0% used [0x000000076b180000,0x000000076b180000,0x000000076b380000)
 ParOldGen       total 260608K, used 1666K [0x00000006c0000000, 0x00000006cfe80000, 0x000000076ab00000)
  object space 260608K, 0% used [0x00000006c0000000,0x00000006c01a0988,0x00000006cfe80000)
 Metaspace       used 9726K, capacity 9946K, committed 10112K, reserved 1058816K
  class space    used 1272K, capacity 1337K, committed 1408K, reserved 1048576K
GC Heap History (10 events):
Event: 1,956 GC heap before
{Heap before GC invocations=4 (full 0):
 PSYoungGen      total 1536K, used 1519K [0x000000076ab00000, 0x000000076ae00000, 0x00000007c0000000)
  eden space 1024K, 100% used [0x000000076ab00000,0x000000076ac00000,0x000000076ac00000)
  from space 512K, 96% used [0x000000076ac00000,0x000000076ac7bc20,0x000000076ac80000)
  to   space 512K, 0% used [0x000000076ad80000,0x000000076ad80000,0x000000076ae00000)
 ParOldGen       total 260608K, used 490K [0x00000006c0000000, 0x00000006cfe80000, 0x000000076ab00000)
  object space 260608K, 0% used [0x00000006c0000000,0x00000006c007a928,0x00000006cfe80000)
 Metaspace       used 4440K, capacity 5294K, committed 5504K, reserved 1056768K
  class space    used 489K, capacity 534K, committed 640K, reserved 1048576K
Event: 1,956 GC heap after
Heap after GC invocations=4 (full 0):
 PSYoungGen      total 2560K, used 496K [0x000000076ab00000, 0x000000076ae00000, 0x00000007c0000000)
  eden space 2048K, 0% used [0x000000076ab00000,0x000000076ab00000,0x000000076ad00000)
  from space 512K, 96% used [0x000000076ad80000,0x000000076adfc010,0x000000076ae00000)
  to   space 512K, 0% used [0x000000076ad00000,0x000000076ad00000,0x000000076ad80000)
 ParOldGen       total 260608K, used 546K [0x00000006c0000000, 0x00000006cfe80000, 0x000000076ab00000)
  object space 260608K, 0% used [0x00000006c0000000,0x00000006c0088928,0x00000006cfe80000)
 Metaspace       used 4440K, capacity 5294K, committed 5504K, reserved 1056768K
  class space    used 489K, capacity 534K, committed 640K, reserved 1048576K
}
Event: 2,095 GC heap before
{Heap before GC invocations=5 (full 0):
 PSYoungGen      total 2560K, used 2535K [0x000000076ab00000, 0x000000076ae00000, 0x00000007c0000000)
  eden space 2048K, 99% used [0x000000076ab00000,0x000000076acfdfc8,0x000000076ad00000)
  from space 512K, 96% used [0x000000076ad80000,0x000000076adfc010,0x000000076ae00000)
  to   space 512K, 0% used [0x000000076ad00000,0x000000076ad00000,0x000000076ad80000)
 ParOldGen       total 260608K, used 546K [0x00000006c0000000, 0x00000006cfe80000, 0x000000076ab00000)
  object space 260608K, 0% used [0x00000006c0000000,0x00000006c0088928,0x00000006cfe80000)
 Metaspace       used 5645K, capacity 6254K, committed 6400K, reserved 1056768K
  class space    used 618K, capacity 662K, committed 768K, reserved 1048576K
Event: 2,096 GC heap after
Heap after GC invocations=5 (full 0):
 PSYoungGen      total 2560K, used 480K [0x000000076ab00000, 0x000000076b100000, 0x00000007c0000000)
  eden space 2048K, 0% used [0x000000076ab00000,0x000000076ab00000,0x000000076ad00000)
  from space 512K, 93% used [0x000000076ad00000,0x000000076ad78020,0x000000076ad80000)
  to   space 1024K, 0% used [0x000000076b000000,0x000000076b000000,0x000000076b100000)
 ParOldGen       total 260608K, used 642K [0x00000006c0000000, 0x00000006cfe80000, 0x000000076ab00000)
  object space 260608K, 0% used [0x00000006c0000000,0x00000006c00a0928,0x00000006cfe80000)
 Metaspace       used 5645K, capacity 6254K, committed 6400K, reserved 1056768K
  class space    used 618K, capacity 662K, committed 768K, reserved 1048576K
}
Event: 2,146 GC heap before
{Heap before GC invocations=6 (full 0):
 PSYoungGen      total 2560K, used 2528K [0x000000076ab00000, 0x000000076b100000, 0x00000007c0000000)
  eden space 2048K, 100% used [0x000000076ab00000,0x000000076ad00000,0x000000076ad00000)
  from space 512K, 93% used [0x000000076ad00000,0x000000076ad78020,0x000000076ad80000)
  to   space 1024K, 0% used [0x000000076b000000,0x000000076b000000,0x000000076b100000)
 ParOldGen       total 260608K, used 642K [0x00000006c0000000, 0x00000006cfe80000, 0x000000076ab00000)
  object space 260608K, 0% used [0x00000006c0000000,0x00000006c00a0928,0x00000006cfe80000)
 Metaspace       used 6343K, capacity 6830K, committed 7040K, reserved 1056768K
  class space    used 761K, capacity 790K, committed 896K, reserved 1048576K
Event: 2,147 GC heap after
Heap after GC invocations=6 (full 0):
 PSYoungGen      total 4608K, used 1008K [0x000000076ab00000, 0x000000076b200000, 0x00000007c0000000)
  eden space 3584K, 0% used [0x000000076ab00000,0x000000076ab00000,0x000000076ae80000)
  from space 1024K, 98% used [0x000000076b000000,0x000000076b0fc030,0x000000076b100000)
  to   space 1536K, 0% used [0x000000076ae80000,0x000000076ae80000,0x000000076b000000)
 ParOldGen       total 260608K, used 730K [0x00000006c0000000, 0x00000006cfe80000, 0x000000076ab00000)
  object space 260608K, 0% used [0x00000006c0000000,0x00000006c00b6928,0x00000006cfe80000)
 Metaspace       used 6343K, capacity 6830K, committed 7040K, reserved 1056768K
  class space    used 761K, capacity 790K, committed 896K, reserved 1048576K
}
Event: 2,205 GC heap before
{Heap before GC invocations=7 (full 0):
 PSYoungGen      total 4608K, used 4592K [0x000000076ab00000, 0x000000076b200000, 0x00000007c0000000)
  eden space 3584K, 100% used [0x000000076ab00000,0x000000076ae80000,0x000000076ae80000)
  from space 1024K, 98% used [0x000000076b000000,0x000000076b0fc030,0x000000076b100000)
  to   space 1536K, 0% used [0x000000076ae80000,0x000000076ae80000,0x000000076b000000)
 ParOldGen       total 260608K, used 730K [0x00000006c0000000, 0x00000006cfe80000, 0x000000076ab00000)
  object space 260608K, 0% used [0x00000006c0000000,0x00000006c00b6928,0x00000006cfe80000)
 Metaspace       used 8227K, capacity 8372K, committed 8576K, reserved 1056768K
  class space    used 1015K, capacity 1048K, committed 1152K, reserved 1048576K
Event: 2,206 GC heap after
Heap after GC invocations=7 (full 0):
 PSYoungGen      total 5120K, used 1456K [0x000000076ab00000, 0x000000076b500000, 0x00000007c0000000)
  eden space 3584K, 0% used [0x000000076ab00000,0x000000076ab00000,0x000000076ae80000)
  from space 1536K, 94% used [0x000000076ae80000,0x000000076afec040,0x000000076b000000)
  to   space 1536K, 0% used [0x000000076b380000,0x000000076b380000,0x000000076b500000)
 ParOldGen       total 260608K, used 954K [0x00000006c0000000, 0x00000006cfe80000, 0x000000076ab00000)
  object space 260608K, 0% used [0x00000006c0000000,0x00000006c00ee978,0x00000006cfe80000)
 Metaspace       used 8227K, capacity 8372K, committed 8576K, reserved 1056768K
  class space    used 1015K, capacity 1048K, committed 1152K, reserved 1048576K
}
Event: 2,266 GC heap before
{Heap before GC invocations=8 (full 0):
 PSYoungGen      total 5120K, used 5040K [0x000000076ab00000, 0x000000076b500000, 0x00000007c0000000)
  eden space 3584K, 100% used [0x000000076ab00000,0x000000076ae80000,0x000000076ae80000)
  from space 1536K, 94% used [0x000000076ae80000,0x000000076afec040,0x000000076b000000)
  to   space 1536K, 0% used [0x000000076b380000,0x000000076b380000,0x000000076b500000)
 ParOldGen       total 260608K, used 954K [0x00000006c0000000, 0x00000006cfe80000, 0x000000076ab00000)
  object space 260608K, 0% used [0x00000006c0000000,0x00000006c00ee978,0x00000006cfe80000)
 Metaspace       used 9425K, capacity 9594K, committed 9728K, reserved 1058816K
  class space    used 1209K, capacity 1241K, committed 1280K, reserved 1048576K
Event: 2,268 GC heap after
Heap after GC invocations=8 (full 0):
 PSYoungGen      total 8192K, used 1520K [0x000000076ab00000, 0x000000076b600000, 0x00000007c0000000)
  eden space 6656K, 0% used [0x000000076ab00000,0x000000076ab00000,0x000000076b180000)
  from space 1536K, 98% used [0x000000076b380000,0x000000076b4fc030,0x000000076b500000)
  to   space 2048K, 0% used [0x000000076b180000,0x000000076b180000,0x000000076b380000)
 ParOldGen       total 260608K, used 1666K [0x00000006c0000000, 0x00000006cfe80000, 0x000000076ab00000)
  object space 260608K, 0% used [0x00000006c0000000,0x00000006c01a0988,0x00000006cfe80000)
 Metaspace       used 9425K, capacity 9594K, committed 9728K, reserved 1058816K
  class space    used 1209K, capacity 1241K, committed 1280K, reserved 1048576K
}

