# JRE version: Java(TM) SE Runtime Environment (8.0-b132) (build 1.8.0-b132)
# Java VM: Java HotSpot(TM) 64-Bit Server VM (25.0-b70 mixed mode bsd-amd64 compressed oops)
Heap:
 PSYoungGen      total 13312K, used 6745K [0x000000076ab00000, 0x000000076ba80000, 0x00000007c0000000)
  eden space 10752K, 46% used [0x000000076ab00000,0x000000076afde660,0x000000076b580000)
  from space 2560K, 68% used [0x000000076b800000,0x000000076b9b8000,0x000000076ba80000)
  to   space 2560K, 0% used [0x000000076b580000,0x000000076b580000,0x000000076b800000)
 ParOldGen       total 260608K, used 3199K [0x00000006c0000000, 0x00000006cfe80000, 0x000000076ab00000)
  object space 260608K, 1% used [0x00000006c0000000,0x00000006c031fd48,0x00000006cfe80000)
 Metaspace       used 15082K, capacity 15226K, committed 15360K, reserved 1062912K
  class space    used 2247K, capacity 2265K, committed 2304K, reserved 1048576K
GC Heap History (10 events):
Event: 3,897 GC heap before
{Heap before GC invocations=6 (full 0):
 PSYoungGen      total 2560K, used 2560K [0x000000076ab00000, 0x000000076b100000, 0x00000007c0000000)
  eden space 2048K, 100% used [0x000000076ab00000,0x000000076ad00000,0x000000076ad00000)
  from space 512K, 100% used [0x000000076ad00000,0x000000076ad80000,0x000000076ad80000)
  to   space 1024K, 0% used [0x000000076b000000,0x000000076b000000,0x000000076b100000)
 ParOldGen       total 260608K, used 650K [0x00000006c0000000, 0x00000006cfe80000, 0x000000076ab00000)
  object space 260608K, 0% used [0x00000006c0000000,0x00000006c00a2928,0x00000006cfe80000)
 Metaspace       used 6363K, capacity 6830K, committed 7040K, reserved 1056768K
  class space    used 767K, capacity 790K, committed 896K, reserved 1048576K
Event: 3,898 GC heap after
Heap after GC invocations=6 (full 0):
 PSYoungGen      total 4608K, used 1008K [0x000000076ab00000, 0x000000076b200000, 0x00000007c0000000)
  eden space 3584K, 0% used [0x000000076ab00000,0x000000076ab00000,0x000000076ae80000)
  from space 1024K, 98% used [0x000000076b000000,0x000000076b0fc050,0x000000076b100000)
  to   space 1536K, 0% used [0x000000076ae80000,0x000000076ae80000,0x000000076b000000)
 ParOldGen       total 260608K, used 746K [0x00000006c0000000, 0x00000006cfe80000, 0x000000076ab00000)
  object space 260608K, 0% used [0x00000006c0000000,0x00000006c00ba928,0x00000006cfe80000)
 Metaspace       used 6363K, capacity 6830K, committed 7040K, reserved 1056768K
  class space    used 767K, capacity 790K, committed 896K, reserved 1048576K
}
Event: 3,958 GC heap before
{Heap before GC invocations=7 (full 0):
 PSYoungGen      total 4608K, used 4578K [0x000000076ab00000, 0x000000076b200000, 0x00000007c0000000)
  eden space 3584K, 99% used [0x000000076ab00000,0x000000076ae7caa8,0x000000076ae80000)
  from space 1024K, 98% used [0x000000076b000000,0x000000076b0fc050,0x000000076b100000)
  to   space 1536K, 0% used [0x000000076ae80000,0x000000076ae80000,0x000000076b000000)
 ParOldGen       total 260608K, used 746K [0x00000006c0000000, 0x00000006cfe80000, 0x000000076ab00000)
  object space 260608K, 0% used [0x00000006c0000000,0x00000006c00ba928,0x00000006cfe80000)
 Metaspace       used 8238K, capacity 8372K, committed 8576K, reserved 1056768K
  class space    used 1019K, capacity 1048K, committed 1152K, reserved 1048576K
Event: 3,959 GC heap after
Heap after GC invocations=7 (full 0):
 PSYoungGen      total 5120K, used 1472K [0x000000076ab00000, 0x000000076b500000, 0x00000007c0000000)
  eden space 3584K, 0% used [0x000000076ab00000,0x000000076ab00000,0x000000076ae80000)
  from space 1536K, 95% used [0x000000076ae80000,0x000000076aff0050,0x000000076b000000)
  to   space 1536K, 0% used [0x000000076b380000,0x000000076b380000,0x000000076b500000)
 ParOldGen       total 260608K, used 954K [0x00000006c0000000, 0x00000006cfe80000, 0x000000076ab00000)
  object space 260608K, 0% used [0x00000006c0000000,0x00000006c00ee978,0x00000006cfe80000)
 Metaspace       used 8238K, capacity 8372K, committed 8576K, reserved 1056768K
  class space    used 1019K, capacity 1048K, committed 1152K, reserved 1048576K
}
Event: 4,020 GC heap before
{Heap before GC invocations=8 (full 0):
 PSYoungGen      total 5120K, used 5056K [0x000000076ab00000, 0x000000076b500000, 0x00000007c0000000)
  eden space 3584K, 100% used [0x000000076ab00000,0x000000076ae80000,0x000000076ae80000)
  from space 1536K, 95% used [0x000000076ae80000,0x000000076aff0050,0x000000076b000000)
  to   space 1536K, 0% used [0x000000076b380000,0x000000076b380000,0x000000076b500000)
 ParOldGen       total 260608K, used 954K [0x00000006c0000000, 0x00000006cfe80000, 0x000000076ab00000)
  object space 260608K, 0% used [0x00000006c0000000,0x00000006c00ee978,0x00000006cfe80000)
 Metaspace       used 9435K, capacity 9594K, committed 9728K, reserved 1058816K
  class space    used 1213K, capacity 1241K, committed 1280K, reserved 1048576K
Event: 4,021 GC heap after
Heap after GC invocations=8 (full 0):
 PSYoungGen      total 8192K, used 1520K [0x000000076ab00000, 0x000000076b600000, 0x00000007c0000000)
  eden space 6656K, 0% used [0x000000076ab00000,0x000000076ab00000,0x000000076b180000)
  from space 1536K, 98% used [0x000000076b380000,0x000000076b4fc030,0x000000076b500000)
  to   space 2048K, 0% used [0x000000076b180000,0x000000076b180000,0x000000076b380000)
 ParOldGen       total 260608K, used 1679K [0x00000006c0000000, 0x00000006cfe80000, 0x000000076ab00000)
  object space 260608K, 0% used [0x00000006c0000000,0x00000006c01a3d18,0x00000006cfe80000)
 Metaspace       used 9435K, capacity 9594K, committed 9728K, reserved 1058816K
  class space    used 1213K, capacity 1241K, committed 1280K, reserved 1048576K
}
Event: 4,183 GC heap before
{Heap before GC invocations=9 (full 0):
 PSYoungGen      total 8192K, used 8176K [0x000000076ab00000, 0x000000076b600000, 0x00000007c0000000)
  eden space 6656K, 100% used [0x000000076ab00000,0x000000076b180000,0x000000076b180000)
  from space 1536K, 98% used [0x000000076b380000,0x000000076b4fc030,0x000000076b500000)
  to   space 2048K, 0% used [0x000000076b180000,0x000000076b180000,0x000000076b380000)
 ParOldGen       total 260608K, used 1679K [0x00000006c0000000, 0x00000006cfe80000, 0x000000076ab00000)
  object space 260608K, 0% used [0x00000006c0000000,0x00000006c01a3d18,0x00000006cfe80000)
 Metaspace       used 11936K, capacity 12122K, committed 12288K, reserved 1060864K
  class space    used 1682K, capacity 1721K, committed 1792K, reserved 1048576K
Event: 4,184 GC heap after
Heap after GC invocations=9 (full 0):
 PSYoungGen      total 8704K, used 1552K [0x000000076ab00000, 0x000000076ba80000, 0x00000007c0000000)
  eden space 6656K, 0% used [0x000000076ab00000,0x000000076ab00000,0x000000076b180000)
  from space 2048K, 75% used [0x000000076b180000,0x000000076b304010,0x000000076b380000)
  to   space 2560K, 0% used [0x000000076b800000,0x000000076b800000,0x000000076ba80000)
 ParOldGen       total 260608K, used 2335K [0x00000006c0000000, 0x00000006cfe80000, 0x000000076ab00000)
  object space 260608K, 0% used [0x00000006c0000000,0x00000006c0247d38,0x00000006cfe80000)
 Metaspace       used 11936K, capacity 12122K, committed 12288K, reserved 1060864K
  class space    used 1682K, capacity 1721K, committed 1792K, reserved 1048576K
}
Event: 4,529 GC heap before
{Heap before GC invocations=10 (full 0):
 PSYoungGen      total 8704K, used 8208K [0x000000076ab00000, 0x000000076ba80000, 0x00000007c0000000)
  eden space 6656K, 100% used [0x000000076ab00000,0x000000076b180000,0x000000076b180000)
  from space 2048K, 75% used [0x000000076b180000,0x000000076b304010,0x000000076b380000)
  to   space 2560K, 0% used [0x000000076b800000,0x000000076b800000,0x000000076ba80000)
 ParOldGen       total 260608K, used 2335K [0x00000006c0000000, 0x00000006cfe80000, 0x000000076ab00000)
  object space 260608K, 0% used [0x00000006c0000000,0x00000006c0247d38,0x00000006cfe80000)
 Metaspace       used 14203K, capacity 14330K, committed 14592K, reserved 1060864K
  class space    used 2140K, capacity 2201K, committed 2304K, reserved 1048576K
Event: 4,532 GC heap after
Heap after GC invocations=10 (full 0):
 PSYoungGen      total 13312K, used 1760K [0x000000076ab00000, 0x000000076ba80000, 0x00000007c0000000)
  eden space 10752K, 0% used [0x000000076ab00000,0x000000076ab00000,0x000000076b580000)
  from space 2560K, 68% used [0x000000076b800000,0x000000076b9b8000,0x000000076ba80000)
  to   space 2560K, 0% used [0x000000076b580000,0x000000076b580000,0x000000076b800000)
 ParOldGen       total 260608K, used 3199K [0x00000006c0000000, 0x00000006cfe80000, 0x000000076ab00000)
  object space 260608K, 1% used [0x00000006c0000000,0x00000006c031fd48,0x00000006cfe80000)
 Metaspace       used 14203K, capacity 14330K, committed 14592K, reserved 1060864K
  class space    used 2140K, capacity 2201K, committed 2304K, reserved 1048576K
}

